<?xml version="1.0" encoding="UTF-8"?>
<!-- Generated by org.testng.reporters.JUnitReportReporter -->
<testsuite skipped="0" hostname="WUK3032878" name="com.tas.androidtest.WebservicesTest" tests="1" failures="0" timestamp="23 Nov 2017 16:05:27 GMT" time="4.101" errors="0">
  <testcase name="webserviceTestcase" time="4.101" classname="com.tas.androidtest.WebservicesTest"/>
</testsuite> <!-- com.tas.androidtest.WebservicesTest -->
