<?xml version="1.0" encoding="UTF-8"?>
<!-- Generated by org.testng.reporters.JUnitReportReporter -->
<testsuite skipped="0" hostname="WUK3032878" name="com.ci.demo.math.Multiplication_Table_Test" tests="1" failures="0" timestamp="24 Nov 2017 09:37:22 GMT" time="0.032" errors="0">
  <testcase name="testCase2" time="0.032" classname="com.ci.demo.math.Multiplication_Table_Test"/>
</testsuite> <!-- com.ci.demo.math.Multiplication_Table_Test -->
