<?xml version="1.0" encoding="UTF-8"?>
<!-- Generated by org.testng.reporters.JUnitReportReporter -->
<testsuite skipped="0" hostname="WUK3032878" name="com.ci.demo.WebTesting" tests="1" failures="0" timestamp="24 Nov 2017 10:37:43 GMT" time="9.078" errors="0">
  <testcase name="launchBrowser" time="9.078" classname="com.ci.demo.WebTesting"/>
</testsuite> <!-- com.ci.demo.WebTesting -->
