<?xml version="1.0" encoding="UTF-8"?>
<!-- Generated by org.testng.reporters.JUnitReportReporter -->
<testsuite skipped="0" hostname="WUK3032878" name="com.tas.androidtest.WebTesting" tests="1" failures="0" timestamp="24 Nov 2017 09:47:09 GMT" time="7.220" errors="0">
  <testcase name="launchBrowser" time="7.220" classname="com.tas.androidtest.WebTesting"/>
</testsuite> <!-- com.tas.androidtest.WebTesting -->
