<?xml version="1.0" encoding="UTF-8"?>
<!-- Generated by org.testng.reporters.JUnitReportReporter -->
<testsuite skipped="0" hostname="WUK3032878" name="com.tas.androidtest.WebservicesTest" tests="1" failures="0" timestamp="24 Nov 2017 09:47:09 GMT" time="3.730" errors="0">
  <testcase name="webserviceTestcase" time="3.730" classname="com.tas.androidtest.WebservicesTest"/>
</testsuite> <!-- com.tas.androidtest.WebservicesTest -->
