<?xml version="1.0" encoding="UTF-8"?>
<!-- Generated by org.testng.reporters.JUnitReportReporter -->
<testsuite skipped="0" hostname="WUK3032878" name="com.ci.demo.MobileApp_Test" tests="1" failures="0" timestamp="24 Nov 2017 10:43:41 GMT" time="51.142" errors="0">
  <testcase name="mobileTestCase" time="51.142" classname="com.ci.demo.MobileApp_Test"/>
</testsuite> <!-- com.ci.demo.MobileApp_Test -->
